<?xml version="1.0" encoding="UTF-8"?>
<!-- Generated by org.testng.reporters.JUnitReportReporter -->
<testsuite hostname="igor5566" name="com.lingualeo.Test1" tests="5" failures="0" timestamp="12 Jan 2020 11:13:49 GMT" time="22.784" errors="0">
  <testcase name="print" time="4.195" classname="com.lingualeo.Test1"/>
  <testcase name="goToGoogle" time="9.870" classname="com.lingualeo.Test1"/>
  <testcase name="loginLinguaLeo" time="8.220" classname="com.lingualeo.Test1"/>
  <testcase name="getGoogleTranslates" time="0.277" classname="com.lingualeo.Test1"/>
  <testcase name="enterCorrectResult" time="0.222" classname="com.lingualeo.Test1"/>
</testsuite> <!-- com.lingualeo.Test1 -->
